  main.cpp
C:\Users\Tade\Desktop\Diplomamunka\header.h(46,28): warning C4244: 'initializing': conversion from 'double' to 'unsigned int', possible loss of data
C:\Users\Tade\Desktop\Diplomamunka\functions.h(84,54): warning C4244: 'argument': conversion from 'T' to 'GLsizei', possible loss of data
          with
          [
              T=float
          ]
C:\Users\Tade\Desktop\Diplomamunka\functions.h(84,46): warning C4244: 'argument': conversion from 'T' to 'GLsizei', possible loss of data
          with
          [
              T=float
          ]
C:\Users\Tade\Desktop\Diplomamunka\functions.h(92,8): warning C4267: 'initializing': conversion from 'size_t' to 'int', possible loss of data
C:\Users\Tade\Desktop\Diplomamunka\functions.h(126,129): warning C4244: 'argument': conversion from 'unsigned int' to 'T', possible loss of data
          with
          [
              T=float
          ]
C:\Users\Tade\Desktop\Diplomamunka\functions.h(143,8): warning C4244: 'initializing': conversion from 'double' to 'int', possible loss of data
C:\Users\Tade\Desktop\Diplomamunka\functions.h(224,17): warning C4244: 'initializing': conversion from 'uint64_t' to 'glm::uint', possible loss of data
C:\Users\Tade\Desktop\Diplomamunka\functions.h(231,15): warning C4244: 'initializing': conversion from 'uint64_t' to 'glm::uint', possible loss of data
C:\Users\Tade\Desktop\Diplomamunka\functions.h(322,8): warning C4244: 'initializing': conversion from 'double' to 'int', possible loss of data
C:\Users\Tade\Desktop\Diplomamunka\functions.h(347,17): warning C4244: 'initializing': conversion from 'uint64_t' to 'glm::uint', possible loss of data
C:\Users\Tade\Desktop\Diplomamunka\functions.h(365,16): warning C4244: 'initializing': conversion from 'double' to 'float', possible loss of data
C:\Users\Tade\Desktop\Diplomamunka\functions.h(366,16): warning C4244: 'initializing': conversion from 'double' to 'float', possible loss of data
C:\Users\Tade\Desktop\Diplomamunka\functions.h(386,15): warning C4244: 'initializing': conversion from 'uint64_t' to 'glm::uint', possible loss of data
C:\Users\Tade\Desktop\Diplomamunka\functions.h(441,17): warning C4244: 'initializing': conversion from 'uint64_t' to 'glm::uint', possible loss of data
C:\Users\Tade\Desktop\Diplomamunka\functions.h(455,15): warning C4244: 'initializing': conversion from 'uint64_t' to 'glm::uint', possible loss of data
C:\Users\Tade\Desktop\Diplomamunka\functions.h(472,19): warning C4244: 'initializing': conversion from 'uint64_t' to 'glm::uint', possible loss of data
C:\Users\Tade\Desktop\Diplomamunka\functions.h(474,17): warning C4244: 'initializing': conversion from 'uint64_t' to 'glm::uint', possible loss of data
C:\Users\Tade\Desktop\Diplomamunka\functions.h(541,25): warning C4244: 'initializing': conversion from 'double' to 'GLuint', possible loss of data
C:\Users\Tade\Desktop\Diplomamunka\main.cpp(6,12): warning C4244: 'argument': conversion from 'time_t' to 'unsigned int', possible loss of data
LINK : warning LNK4098: defaultlib 'MSVCRTD' conflicts with use of other libs; use /NODEFAULTLIB:library
  Generating code
  12 of 2173 functions ( 0.6%) were compiled, the rest were copied from previous compilation.
    0 functions were new in current compilation
    29 functions had inline decision re-evaluated but remain unchanged
  Finished generating code
glfw3.lib(input.obj) : warning LNK4099: PDB '' was not found with 'glfw3.lib(input.obj)' or at ''; linking object as if no debug info
glfw3.lib(window.obj) : warning LNK4099: PDB '' was not found with 'glfw3.lib(window.obj)' or at ''; linking object as if no debug info
glfw3.lib(monitor.obj) : warning LNK4099: PDB '' was not found with 'glfw3.lib(monitor.obj)' or at ''; linking object as if no debug info
glfw3.lib(init.obj) : warning LNK4099: PDB '' was not found with 'glfw3.lib(init.obj)' or at ''; linking object as if no debug info
glfw3.lib(win32_window.obj) : warning LNK4099: PDB '' was not found with 'glfw3.lib(win32_window.obj)' or at ''; linking object as if no debug info
glfw3.lib(context.obj) : warning LNK4099: PDB '' was not found with 'glfw3.lib(context.obj)' or at ''; linking object as if no debug info
glfw3.lib(win32_joystick.obj) : warning LNK4099: PDB '' was not found with 'glfw3.lib(win32_joystick.obj)' or at ''; linking object as if no debug info
glfw3.lib(win32_time.obj) : warning LNK4099: PDB '' was not found with 'glfw3.lib(win32_time.obj)' or at ''; linking object as if no debug info
glfw3.lib(win32_thread.obj) : warning LNK4099: PDB '' was not found with 'glfw3.lib(win32_thread.obj)' or at ''; linking object as if no debug info
glfw3.lib(win32_monitor.obj) : warning LNK4099: PDB '' was not found with 'glfw3.lib(win32_monitor.obj)' or at ''; linking object as if no debug info
glfw3.lib(win32_init.obj) : warning LNK4099: PDB '' was not found with 'glfw3.lib(win32_init.obj)' or at ''; linking object as if no debug info
glfw3.lib(vulkan.obj) : warning LNK4099: PDB '' was not found with 'glfw3.lib(vulkan.obj)' or at ''; linking object as if no debug info
glfw3.lib(wgl_context.obj) : warning LNK4099: PDB '' was not found with 'glfw3.lib(wgl_context.obj)' or at ''; linking object as if no debug info
glfw3.lib(egl_context.obj) : warning LNK4099: PDB '' was not found with 'glfw3.lib(egl_context.obj)' or at ''; linking object as if no debug info
glfw3.lib(osmesa_context.obj) : warning LNK4099: PDB '' was not found with 'glfw3.lib(osmesa_context.obj)' or at ''; linking object as if no debug info
  OpenGL Context.vcxproj -> C:\Users\Tade\Desktop\Diplomamunka\x64\Release\Wave Function Collapse.exe
